<?xml version="1.0" encoding="UTF-8"?>
<!-- Generated by org.testng.reporters.JUnitXMLReporter -->
<testsuite hostname="NP-SADEKUNLE" name="Default test" tests="4" failures="0" timestamp="14 Mar 2017 15:52:08 GMT" time="59.999" errors="0">
  <testcase name="logintest" time="8.23" classname="Bingo_Core_SUITE.LoginTest"/>
  <testcase name="logintest" time="17.581" classname="Bingo_Core_SUITE.LoginTest"/>
  <testcase name="logintest" time="12.276" classname="Bingo_Core_SUITE.LoginTest"/>
  <testcase name="logintest" time="18.527" classname="Bingo_Core_SUITE.LoginTest"/>
</testsuite> <!-- Default test -->
