<?xml version="1.0" encoding="UTF-8"?>
<!-- Generated by org.testng.reporters.JUnitXMLReporter -->
<testsuite hostname="NP-SADEKUNLE" name="BingoGamesCategoryTest" tests="7" failures="0" timestamp="8 Mar 2017 12:23:26 GMT" time="185.856" errors="0">
  <testcase name="AllBingotest" time="34.295" classname="Games.BingoGamesCategoryTest"/>
  <testcase name="ball75patterntest" time="20.184" classname="Games.BingoGamesCategoryTest"/>
  <testcase name="ball75test" time="23.719" classname="Games.BingoGamesCategoryTest"/>
  <testcase name="ball80test" time="22.614" classname="Games.BingoGamesCategoryTest"/>
  <testcase name="ball90test" time="23.331" classname="Games.BingoGamesCategoryTest"/>
  <testcase name="bingojackpottest" time="24.59" classname="Games.BingoGamesCategoryTest"/>
  <testcase name="timetabletest" time="32.206" classname="Games.BingoGamesCategoryTest"/>
</testsuite> <!-- BingoGamesCategoryTest -->
