<?xml version="1.0" encoding="UTF-8"?>
<!-- Generated by org.testng.reporters.JUnitXMLReporter -->
<testsuite hostname="NP-SADEKUNLE" name="GamesCategoryTest" tests="7" failures="0" timestamp="8 Mar 2017 12:26:30 GMT" time="183.795" errors="0">
  <testcase name="AllBingotest" time="35.13" classname="Games.BingoGamesCategoryTest"/>
  <testcase name="ball75patterntest" time="22.012" classname="Games.BingoGamesCategoryTest"/>
  <testcase name="ball75test" time="25.863" classname="Games.BingoGamesCategoryTest"/>
  <testcase name="ball80test" time="20.582" classname="Games.BingoGamesCategoryTest"/>
  <testcase name="ball90test" time="23.768" classname="Games.BingoGamesCategoryTest"/>
  <testcase name="bingojackpottest" time="23.542" classname="Games.BingoGamesCategoryTest"/>
  <testcase name="timetabletest" time="28.256" classname="Games.BingoGamesCategoryTest"/>
</testsuite> <!-- GamesCategoryTest -->
