<?xml version="1.0" encoding="UTF-8"?>
<!-- Generated by org.testng.reporters.JUnitXMLReporter -->
<testsuite hostname="NP-SADEKUNLE" name="ForgottenDetailsTest" tests="5" failures="0" timestamp="8 Mar 2017 09:32:32 GMT" time="190.676" errors="0">
  <testcase name="ForgottenDetailstest" time="35.24" classname="Bingo_Core_SUITE.ForgottenDetailsTest"/>
  <testcase name="ForgottenDetailstest" time="32.804" classname="Bingo_Core_SUITE.ForgottenDetailsTest"/>
  <testcase name="ForgottenDetailstest" time="35.168" classname="Bingo_Core_SUITE.ForgottenDetailsTest"/>
  <testcase name="ForgottenDetailstest" time="36.163" classname="Bingo_Core_SUITE.ForgottenDetailsTest"/>
  <testcase name="ForgottenDetailstest" time="45.948" classname="Bingo_Core_SUITE.ForgottenDetailsTest"/>
</testsuite> <!-- ForgottenDetailsTest -->
