<?xml version="1.0" encoding="UTF-8"?>
<!-- Generated by org.testng.reporters.JUnitXMLReporter -->
<testsuite hostname="NP-SADEKUNLE" name="HomePage" tests="8" failures="0" timestamp="8 Mar 2017 09:38:36 GMT" time="363.615" errors="0">
  <testcase name="BingoVertcalMenutest" time="50.327" classname="Bingo_Core_SUITE.HomePage"/>
  <testcase name="Footertest" time="87.754" classname="Bingo_Core_SUITE.HomePage"/>
  <testcase name="GamblingCommsionIcontest" time="15.591" classname="Bingo_Core_SUITE.HomePage"/>
  <testcase name="GamecareIcontest" time="18.429" classname="Bingo_Core_SUITE.HomePage"/>
  <testcase name="Headertest" time="19.859" classname="Bingo_Core_SUITE.HomePage"/>
  <testcase name="HelpVertcalMenutest" time="101.4" classname="Bingo_Core_SUITE.HomePage"/>
  <testcase name="PromotionsVertcalMenutest" time="39.163" classname="Bingo_Core_SUITE.HomePage"/>
  <testcase name="netplaytvicontest" time="25.714" classname="Bingo_Core_SUITE.HomePage"/>
</testsuite> <!-- HomePage -->
