<?xml version="1.0" encoding="UTF-8"?>
<!-- Generated by org.testng.reporters.JUnitXMLReporter -->
<testsuite hostname="NP-SADEKUNLE" name="LoginTest" tests="4" failures="0" timestamp="8 Mar 2017 09:22:28 GMT" time="55.74" errors="0">
  <testcase name="logintest" time="8.914" classname="Bingo_Core_SUITE.LoginTest"/>
  <testcase name="logintest" time="11.279" classname="Bingo_Core_SUITE.LoginTest"/>
  <testcase name="logintest" time="6.533" classname="Bingo_Core_SUITE.LoginTest"/>
  <testcase name="logintest" time="25.513" classname="Bingo_Core_SUITE.LoginTest"/>
</testsuite> <!-- LoginTest -->
