<?xml version="1.0" encoding="UTF-8"?>
<!-- Generated by org.testng.reporters.JUnitXMLReporter -->
<testsuite hostname="NP-SADEKUNLE" name="RegistrationTest" tests="10" failures="1" timestamp="8 Mar 2017 09:29:22 GMT" time="412.47" errors="0">
  <testcase name="RegistrationTest" time="38.059" classname="Bingo_Core_SUITE.RegistrationTest"/>
  <testcase name="RegistrationTest" time="38.028" classname="Bingo_Core_SUITE.RegistrationTest"/>
  <testcase name="RegistrationTest" time="38.883" classname="Bingo_Core_SUITE.RegistrationTest"/>
  <testcase name="RegistrationTest" time="39.494" classname="Bingo_Core_SUITE.RegistrationTest"/>
  <testcase name="RegistrationTest" time="35.61" classname="Bingo_Core_SUITE.RegistrationTest"/>
  <testcase name="RegistrationTest" time="40.82" classname="Bingo_Core_SUITE.RegistrationTest"/>
  <testcase name="RegistrationTest" time="41.163" classname="Bingo_Core_SUITE.RegistrationTest"/>
  <testcase name="RegistrationTest" time="36.987" classname="Bingo_Core_SUITE.RegistrationTest"/>
  <testcase name="RegistrationTest" time="38.273" classname="Bingo_Core_SUITE.RegistrationTest"/>
  <testcase name="RegistrationTest" time="57.263" classname="Bingo_Core_SUITE.RegistrationTest">
    <failure type="java.lang.AssertionError" message="expected [FAILURE] but found [SUCCESS]">
      <![CDATA[java.lang.AssertionError: expected [FAILURE] but found [SUCCESS]
	at Bingo_Core_SUITE.RegistrationTest.RegistrationTest(RegistrationTest.java:94)
... Removed 29 stack frames]]>
    </failure>
  </testcase> <!-- RegistrationTest -->
</testsuite> <!-- RegistrationTest -->
